2023-11-15 10:23:21.812  INFO 8984 --- [http-nio-8080-exec-1] o.a.c.c.C.[Tomcat].[localhost].[/]       : Initializing Spring DispatcherServlet 'dispatcherServlet'
2023-11-15 10:23:21.914  INFO 8984 --- [http-nio-8080-exec-1] o.s.web.servlet.DispatcherServlet        : Initializing Servlet 'dispatcherServlet'
2023-11-15 10:23:21.937  INFO 8984 --- [http-nio-8080-exec-1] o.s.web.servlet.DispatcherServlet        : Completed initialization in 23 ms
2023-11-15 15:00:28.659  INFO 8984 --- [SpringApplicationShutdownHook] com.alibaba.druid.pool.DruidDataSource   : {dataSource-1} closing ...
2023-11-15 15:00:28.694  INFO 8984 --- [SpringApplicationShutdownHook] com.alibaba.druid.pool.DruidDataSource   : {dataSource-1} closed
2023-11-15 15:00:43.677  INFO 6548 --- [restartedMain] ementiaEldlyScreeningPlatformApplication : Starting DementiaEldlyScreeningPlatformApplication using Java 11.0.19 on DESKTOP-IM2PIA6 with PID 6548 (D:\Project\JAVA\DESP\DESP\target\classes started by 74059 in D:\Project\JAVA\DESP\DESP)
2023-11-15 15:00:43.697  INFO 6548 --- [restartedMain] ementiaEldlyScreeningPlatformApplication : No active profile set, falling back to 1 default profile: "default"
2023-11-15 15:00:43.753  INFO 6548 --- [restartedMain] .e.DevToolsPropertyDefaultsPostProcessor : Devtools property defaults active! Set 'spring.devtools.add-properties' to 'false' to disable
2023-11-15 15:00:43.753  INFO 6548 --- [restartedMain] .e.DevToolsPropertyDefaultsPostProcessor : For additional web related logging consider setting the 'logging.level.web' property to 'DEBUG'
2023-11-15 15:00:46.003  INFO 6548 --- [restartedMain] o.s.b.w.embedded.tomcat.TomcatWebServer  : Tomcat initialized with port(s): 8080 (http)
2023-11-15 15:00:46.048  INFO 6548 --- [restartedMain] o.apache.catalina.core.StandardService   : Starting service [Tomcat]
2023-11-15 15:00:46.049  INFO 6548 --- [restartedMain] org.apache.catalina.core.StandardEngine  : Starting Servlet engine: [Apache Tomcat/9.0.71]
2023-11-15 15:00:46.099  INFO 6548 --- [restartedMain] o.a.c.c.C.[Tomcat].[localhost].[/]       : Initializing Spring embedded WebApplicationContext
2023-11-15 15:00:46.100  INFO 6548 --- [restartedMain] w.s.c.ServletWebServerApplicationContext : Root WebApplicationContext: initialization completed in 2347 ms
2023-11-15 15:00:46.234  INFO 6548 --- [restartedMain] c.a.d.s.b.a.DruidDataSourceAutoConfigure : Init DruidDataSource
2023-11-15 15:00:46.536  INFO 6548 --- [restartedMain] com.alibaba.druid.pool.DruidDataSource   : {dataSource-1} inited
2023-11-15 15:00:47.106  INFO 6548 --- [restartedMain] o.s.b.a.w.s.WelcomePageHandlerMapping    : Adding welcome page: class path resource [templates/index.html]
2023-11-15 15:00:47.275  INFO 6548 --- [restartedMain] o.s.b.d.a.OptionalLiveReloadServer       : LiveReload server is running on port 35729
2023-11-15 15:00:47.307  INFO 6548 --- [restartedMain] o.s.b.w.embedded.tomcat.TomcatWebServer  : Tomcat started on port(s): 8080 (http) with context path ''
2023-11-15 15:00:47.389  INFO 6548 --- [restartedMain] ementiaEldlyScreeningPlatformApplication : Started DementiaEldlyScreeningPlatformApplication in 4.252 seconds (JVM running for 5.405)
2023-11-15 15:23:35.634  INFO 6548 --- [http-nio-8080-exec-1] o.a.c.c.C.[Tomcat].[localhost].[/]       : Initializing Spring DispatcherServlet 'dispatcherServlet'
2023-11-15 15:23:35.639  INFO 6548 --- [http-nio-8080-exec-1] o.s.web.servlet.DispatcherServlet        : Initializing Servlet 'dispatcherServlet'
2023-11-15 15:23:35.661  INFO 6548 --- [http-nio-8080-exec-1] o.s.web.servlet.DispatcherServlet        : Completed initialization in 22 ms
2023-11-15 16:02:10.940  WARN 6548 --- [http-nio-8080-exec-8] .w.s.m.s.DefaultHandlerExceptionResolver : Resolved [org.springframework.web.bind.MissingServletRequestParameterException: Required request parameter 'subject_id' for method parameter type Long is not present]
2023-11-15 16:02:39.910  WARN 6548 --- [http-nio-8080-exec-10] .w.s.m.s.DefaultHandlerExceptionResolver : Resolved [org.springframework.web.bind.MissingServletRequestParameterException: Required request parameter 'subject_id' for method parameter type Long is not present]
2023-11-15 16:03:38.435  WARN 6548 --- [http-nio-8080-exec-4] .w.s.m.s.DefaultHandlerExceptionResolver : Resolved [org.springframework.web.bind.MissingServletRequestParameterException: Required request parameter 'subject_id' for method parameter type Long is not present]
2023-11-15 16:14:40.958  INFO 6548 --- [SpringApplicationShutdownHook] com.alibaba.druid.pool.DruidDataSource   : {dataSource-1} closing ...
2023-11-15 16:14:40.976  INFO 6548 --- [SpringApplicationShutdownHook] com.alibaba.druid.pool.DruidDataSource   : {dataSource-1} closed
2023-11-15 16:24:02.640  INFO 19440 --- [main] iaEldlyScreeningPlatformApplicationTests : Starting DementiaEldlyScreeningPlatformApplicationTests using Java 11.0.19 on DESKTOP-IM2PIA6 with PID 19440 (started by 74059 in D:\Project\JAVA\DESP\DESP)
2023-11-15 16:24:02.652  INFO 19440 --- [main] iaEldlyScreeningPlatformApplicationTests : No active profile set, falling back to 1 default profile: "default"
2023-11-15 16:24:04.016  INFO 19440 --- [main] c.a.d.s.b.a.DruidDataSourceAutoConfigure : Init DruidDataSource
2023-11-15 16:24:04.490  INFO 19440 --- [main] com.alibaba.druid.pool.DruidDataSource   : {dataSource-1} inited
2023-11-15 16:24:05.677  INFO 19440 --- [main] o.s.b.a.w.s.WelcomePageHandlerMapping    : Adding welcome page: class path resource [templates/index.html]
2023-11-15 16:24:05.976  INFO 19440 --- [main] iaEldlyScreeningPlatformApplicationTests : Started DementiaEldlyScreeningPlatformApplicationTests in 3.714 seconds (JVM running for 4.664)
2023-11-15 16:24:06.596  INFO 19440 --- [SpringApplicationShutdownHook] com.alibaba.druid.pool.DruidDataSource   : {dataSource-1} closing ...
2023-11-15 16:24:06.611  INFO 19440 --- [SpringApplicationShutdownHook] com.alibaba.druid.pool.DruidDataSource   : {dataSource-1} closed
2023-11-15 17:54:15.518  INFO 8424 --- [restartedMain] ementiaEldlyScreeningPlatformApplication : Starting DementiaEldlyScreeningPlatformApplication using Java 11.0.19 on DESKTOP-IM2PIA6 with PID 8424 (D:\Project\JAVA\DESP\DESP\target\classes started by 74059 in D:\Project\JAVA\DESP\DESP)
2023-11-15 17:54:15.526  INFO 8424 --- [restartedMain] ementiaEldlyScreeningPlatformApplication : No active profile set, falling back to 1 default profile: "default"
2023-11-15 17:54:15.607  INFO 8424 --- [restartedMain] .e.DevToolsPropertyDefaultsPostProcessor : Devtools property defaults active! Set 'spring.devtools.add-properties' to 'false' to disable
2023-11-15 17:54:15.607  INFO 8424 --- [restartedMain] .e.DevToolsPropertyDefaultsPostProcessor : For additional web related logging consider setting the 'logging.level.web' property to 'DEBUG'
2023-11-15 17:54:17.020  INFO 8424 --- [restartedMain] o.s.b.w.embedded.tomcat.TomcatWebServer  : Tomcat initialized with port(s): 8080 (http)
2023-11-15 17:54:17.026  INFO 8424 --- [restartedMain] o.apache.catalina.core.StandardService   : Starting service [Tomcat]
2023-11-15 17:54:17.026  INFO 8424 --- [restartedMain] org.apache.catalina.core.StandardEngine  : Starting Servlet engine: [Apache Tomcat/9.0.71]
2023-11-15 17:54:17.097  INFO 8424 --- [restartedMain] o.a.c.c.C.[Tomcat].[localhost].[/]       : Initializing Spring embedded WebApplicationContext
2023-11-15 17:54:17.098  INFO 8424 --- [restartedMain] w.s.c.ServletWebServerApplicationContext : Root WebApplicationContext: initialization completed in 1490 ms
2023-11-15 17:54:17.214  INFO 8424 --- [restartedMain] c.a.d.s.b.a.DruidDataSourceAutoConfigure : Init DruidDataSource
2023-11-15 17:54:17.499  INFO 8424 --- [restartedMain] com.alibaba.druid.pool.DruidDataSource   : {dataSource-1} inited
2023-11-15 17:54:17.981  INFO 8424 --- [restartedMain] o.s.b.a.w.s.WelcomePageHandlerMapping    : Adding welcome page: class path resource [templates/index.html]
2023-11-15 17:54:18.215  INFO 8424 --- [restartedMain] o.s.b.d.a.OptionalLiveReloadServer       : LiveReload server is running on port 35729
2023-11-15 17:54:18.251  INFO 8424 --- [restartedMain] o.s.b.w.embedded.tomcat.TomcatWebServer  : Tomcat started on port(s): 8080 (http) with context path ''
2023-11-15 17:54:18.269  INFO 8424 --- [restartedMain] ementiaEldlyScreeningPlatformApplication : Started DementiaEldlyScreeningPlatformApplication in 3.182 seconds (JVM running for 4.082)
2023-11-15 17:54:18.308  INFO 8424 --- [SpringApplicationShutdownHook] com.alibaba.druid.pool.DruidDataSource   : {dataSource-1} closing ...
2023-11-15 17:54:18.318  INFO 8424 --- [SpringApplicationShutdownHook] com.alibaba.druid.pool.DruidDataSource   : {dataSource-1} closed
